F:\USERS\SAMUEL\DOCUMENTS\VISUAL STUDIO 2010\PROJECTS\VLNAV\DEBUG\VLNAV.EXE
F:\USERS\SAMUEL\DOCUMENTS\VISUAL STUDIO 2010\PROJECTS\VLNAV\DEBUG\VLNAV.ILK
F:\USERS\SAMUEL\DOCUMENTS\VISUAL STUDIO 2010\PROJECTS\VLNAV\DEBUG\VLNAV.PDB
F:\Users\Samuel\Documents\Visual Studio 2010\Projects\VLNav\VLNav\Debug\cl.command.1.tlog
F:\Users\Samuel\Documents\Visual Studio 2010\Projects\VLNav\VLNav\Debug\CL.read.1.tlog
F:\Users\Samuel\Documents\Visual Studio 2010\Projects\VLNav\VLNav\Debug\CL.write.1.tlog
F:\Users\Samuel\Documents\Visual Studio 2010\Projects\VLNav\VLNav\Debug\link.4292.read.1.tlog
F:\Users\Samuel\Documents\Visual Studio 2010\Projects\VLNav\VLNav\Debug\link.4292.write.1.tlog
F:\Users\Samuel\Documents\Visual Studio 2010\Projects\VLNav\VLNav\Debug\link.4292-cvtres.read.1.tlog
F:\Users\Samuel\Documents\Visual Studio 2010\Projects\VLNav\VLNav\Debug\link.4292-cvtres.write.1.tlog
F:\Users\Samuel\Documents\Visual Studio 2010\Projects\VLNav\VLNav\Debug\link.5508.read.1.tlog
F:\Users\Samuel\Documents\Visual Studio 2010\Projects\VLNav\VLNav\Debug\link.5508.write.1.tlog
F:\Users\Samuel\Documents\Visual Studio 2010\Projects\VLNav\VLNav\Debug\link.5508-cvtres.read.1.tlog
F:\Users\Samuel\Documents\Visual Studio 2010\Projects\VLNav\VLNav\Debug\link.5508-cvtres.write.1.tlog
F:\Users\Samuel\Documents\Visual Studio 2010\Projects\VLNav\VLNav\Debug\link.command.1.tlog
F:\Users\Samuel\Documents\Visual Studio 2010\Projects\VLNav\VLNav\Debug\link.read.1.tlog
F:\Users\Samuel\Documents\Visual Studio 2010\Projects\VLNav\VLNav\Debug\link.write.1.tlog
F:\Users\Samuel\Documents\Visual Studio 2010\Projects\VLNav\VLNav\Debug\link-cvtres.read.1.tlog
F:\Users\Samuel\Documents\Visual Studio 2010\Projects\VLNav\VLNav\Debug\link-cvtres.write.1.tlog
F:\Users\Samuel\Documents\Visual Studio 2010\Projects\VLNav\VLNav\Debug\mt.command.1.tlog
F:\Users\Samuel\Documents\Visual Studio 2010\Projects\VLNav\VLNav\Debug\mt.read.1.tlog
F:\Users\Samuel\Documents\Visual Studio 2010\Projects\VLNav\VLNav\Debug\mt.write.1.tlog
F:\Users\Samuel\Documents\Visual Studio 2010\Projects\VLNav\VLNav\Debug\rc.command.1.tlog
F:\Users\Samuel\Documents\Visual Studio 2010\Projects\VLNav\VLNav\Debug\rc.read.1.tlog
F:\Users\Samuel\Documents\Visual Studio 2010\Projects\VLNav\VLNav\Debug\rc.write.1.tlog
F:\USERS\SAMUEL\DOCUMENTS\VISUAL STUDIO 2010\PROJECTS\VLNAV\VLNAV\DEBUG\STDAFX.OBJ
F:\USERS\SAMUEL\DOCUMENTS\VISUAL STUDIO 2010\PROJECTS\VLNAV\VLNAV\DEBUG\TSERIAL.OBJ
F:\Users\Samuel\Documents\Visual Studio 2010\Projects\VLNav\VLNav\Debug\vc100.idb
F:\USERS\SAMUEL\DOCUMENTS\VISUAL STUDIO 2010\PROJECTS\VLNAV\VLNAV\DEBUG\VC100.PDB
F:\USERS\SAMUEL\DOCUMENTS\VISUAL STUDIO 2010\PROJECTS\VLNAV\VLNAV\DEBUG\VLNAV.EXE.EMBED.MANIFEST
F:\USERS\SAMUEL\DOCUMENTS\VISUAL STUDIO 2010\PROJECTS\VLNAV\VLNAV\DEBUG\VLNAV.EXE.EMBED.MANIFEST.RES
F:\USERS\SAMUEL\DOCUMENTS\VISUAL STUDIO 2010\PROJECTS\VLNAV\VLNAV\DEBUG\VLNAV.EXE.INTERMEDIATE.MANIFEST
F:\USERS\SAMUEL\DOCUMENTS\VISUAL STUDIO 2010\PROJECTS\VLNAV\VLNAV\DEBUG\VLNAV.OBJ
F:\USERS\SAMUEL\DOCUMENTS\VISUAL STUDIO 2010\PROJECTS\VLNAV\VLNAV\DEBUG\VLNAV.PCH
F:\Users\Samuel\Documents\Visual Studio 2010\Projects\VLNav\VLNav\Debug\VLNav_manifest.rc
