f:\Users\Samuel\documents\visual studio 2010\Projects\CStarLV\CStarLV\Debug\cl.command.1.tlog
f:\Users\Samuel\documents\visual studio 2010\Projects\CStarLV\CStarLV\Debug\CL.read.1.tlog
f:\Users\Samuel\documents\visual studio 2010\Projects\CStarLV\CStarLV\Debug\CL.write.1.tlog
F:\USERS\SAMUEL\DOCUMENTS\VISUAL STUDIO 2010\PROJECTS\CSTARLV\CSTARLV\DEBUG\CSTARLV.EXE.EMBED.MANIFEST
F:\USERS\SAMUEL\DOCUMENTS\VISUAL STUDIO 2010\PROJECTS\CSTARLV\CSTARLV\DEBUG\CSTARLV.EXE.EMBED.MANIFEST.RES
F:\USERS\SAMUEL\DOCUMENTS\VISUAL STUDIO 2010\PROJECTS\CSTARLV\CSTARLV\DEBUG\CSTARLV.EXE.INTERMEDIATE.MANIFEST
F:\USERS\SAMUEL\DOCUMENTS\VISUAL STUDIO 2010\PROJECTS\CSTARLV\CSTARLV\DEBUG\CSTARLV.OBJ
F:\USERS\SAMUEL\DOCUMENTS\VISUAL STUDIO 2010\PROJECTS\CSTARLV\CSTARLV\DEBUG\CSTARLV.PCH
f:\Users\Samuel\documents\visual studio 2010\Projects\CStarLV\CStarLV\Debug\CStarLV_manifest.rc
f:\Users\Samuel\documents\visual studio 2010\Projects\CStarLV\CStarLV\Debug\link.1348.read.1.tlog
f:\Users\Samuel\documents\visual studio 2010\Projects\CStarLV\CStarLV\Debug\link.1348.write.1.tlog
f:\Users\Samuel\documents\visual studio 2010\Projects\CStarLV\CStarLV\Debug\link.1348-cvtres.read.1.tlog
f:\Users\Samuel\documents\visual studio 2010\Projects\CStarLV\CStarLV\Debug\link.1348-cvtres.write.1.tlog
f:\Users\Samuel\documents\visual studio 2010\Projects\CStarLV\CStarLV\Debug\link.command.1.tlog
f:\Users\Samuel\documents\visual studio 2010\Projects\CStarLV\CStarLV\Debug\link.read.1.tlog
f:\Users\Samuel\documents\visual studio 2010\Projects\CStarLV\CStarLV\Debug\link.write.1.tlog
f:\Users\Samuel\documents\visual studio 2010\Projects\CStarLV\CStarLV\Debug\link-cvtres.read.1.tlog
f:\Users\Samuel\documents\visual studio 2010\Projects\CStarLV\CStarLV\Debug\link-cvtres.write.1.tlog
f:\Users\Samuel\documents\visual studio 2010\Projects\CStarLV\CStarLV\Debug\mt.command.1.tlog
f:\Users\Samuel\documents\visual studio 2010\Projects\CStarLV\CStarLV\Debug\mt.read.1.tlog
f:\Users\Samuel\documents\visual studio 2010\Projects\CStarLV\CStarLV\Debug\mt.write.1.tlog
f:\Users\Samuel\documents\visual studio 2010\Projects\CStarLV\CStarLV\Debug\rc.command.1.tlog
f:\Users\Samuel\documents\visual studio 2010\Projects\CStarLV\CStarLV\Debug\rc.read.1.tlog
f:\Users\Samuel\documents\visual studio 2010\Projects\CStarLV\CStarLV\Debug\rc.write.1.tlog
F:\USERS\SAMUEL\DOCUMENTS\VISUAL STUDIO 2010\PROJECTS\CSTARLV\CSTARLV\DEBUG\STDAFX.OBJ
F:\USERS\SAMUEL\DOCUMENTS\VISUAL STUDIO 2010\PROJECTS\CSTARLV\CSTARLV\DEBUG\TSERIAL.OBJ
f:\Users\Samuel\documents\visual studio 2010\Projects\CStarLV\CStarLV\Debug\vc100.idb
F:\USERS\SAMUEL\DOCUMENTS\VISUAL STUDIO 2010\PROJECTS\CSTARLV\CSTARLV\DEBUG\VC100.PDB
F:\USERS\SAMUEL\DOCUMENTS\VISUAL STUDIO 2010\PROJECTS\CSTARLV\DEBUG\CSTARLV.EXE
F:\USERS\SAMUEL\DOCUMENTS\VISUAL STUDIO 2010\PROJECTS\CSTARLV\DEBUG\CSTARLV.ILK
F:\USERS\SAMUEL\DOCUMENTS\VISUAL STUDIO 2010\PROJECTS\CSTARLV\DEBUG\CSTARLV.PDB
