Build started 1/24/2012 9:55:43 PM.
     1>Project "F:\Users\Samuel\Documents\Visual Studio 2010\Projects\CStarLV\CStarLV\CStarLV.vcxproj" on node 2 (build target(s)).
     1>InitializeBuildStatus:
         Creating "Debug\CStarLV.unsuccessfulbuild" because "AlwaysCreate" was specified.
       ClCompile:
         All outputs are up-to-date.
         F:\Program Files\Microsoft Visual Studio 10.0\VC\bin\CL.exe /c /I"F:\Program Files\OpenCV2.3\build\include" /I"F:\Program Files\OpenCV2.3\build\include\opencv" /ZI /nologo /W3 /WX- /Od /Oy- /D WIN32 /D _DEBUG /D _CONSOLE /D _UNICODE /D UNICODE /Gm /EHsc /RTC1 /MDd /GS /fp:precise /Zc:wchar_t /Zc:forScope /Yu"StdAfx.h" /Fp"Debug\CStarLV.pch" /Fo"Debug\\" /Fd"Debug\vc100.pdb" /Gd /TP /analyze- /errorReport:prompt CStarLV.cpp
         CStarLV.cpp
     1>f:\program files\opencv2.3\build\include\opencv2\flann\logger.h(70): warning C4996: 'fopen': This function or variable may be unsafe. Consider using fopen_s instead. To disable deprecation, use _CRT_SECURE_NO_WARNINGS. See online help for details.
                 f:\program files\microsoft visual studio 10.0\vc\include\stdio.h(234) : see declaration of 'fopen'
     1>f:\users\samuel\documents\visual studio 2010\projects\cstarlv\cstarlv\cstarlv.cpp(87): warning C4244: 'argument' : conversion from 'double' to 'int', possible loss of data
     1>f:\users\samuel\documents\visual studio 2010\projects\cstarlv\cstarlv\cstarlv.cpp(87): warning C4244: 'argument' : conversion from 'double' to 'int', possible loss of data
     1>f:\users\samuel\documents\visual studio 2010\projects\cstarlv\cstarlv\cstarlv.cpp(87): warning C4244: 'argument' : conversion from 'double' to 'int', possible loss of data
     1>f:\users\samuel\documents\visual studio 2010\projects\cstarlv\cstarlv\cstarlv.cpp(87): warning C4244: 'argument' : conversion from 'double' to 'int', possible loss of data
     1>f:\users\samuel\documents\visual studio 2010\projects\cstarlv\cstarlv\cstarlv.cpp(126): warning C4244: 'argument' : conversion from 'double' to 'int', possible loss of data
     1>f:\users\samuel\documents\visual studio 2010\projects\cstarlv\cstarlv\cstarlv.cpp(127): warning C4244: 'argument' : conversion from 'double' to 'int', possible loss of data
     1>f:\users\samuel\documents\visual studio 2010\projects\cstarlv\cstarlv\cstarlv.cpp(127): warning C4244: 'argument' : conversion from 'double' to 'int', possible loss of data
     1>f:\users\samuel\documents\visual studio 2010\projects\cstarlv\cstarlv\cstarlv.cpp(182): warning C4101: 'R' : unreferenced local variable
     1>f:\users\samuel\documents\visual studio 2010\projects\cstarlv\cstarlv\cstarlv.cpp(302): warning C4996: 'fopen': This function or variable may be unsafe. Consider using fopen_s instead. To disable deprecation, use _CRT_SECURE_NO_WARNINGS. See online help for details.
                 f:\program files\microsoft visual studio 10.0\vc\include\stdio.h(234) : see declaration of 'fopen'
     1>f:\users\samuel\documents\visual studio 2010\projects\cstarlv\cstarlv\cstarlv.cpp(306): warning C4996: 'fscanf': This function or variable may be unsafe. Consider using fscanf_s instead. To disable deprecation, use _CRT_SECURE_NO_WARNINGS. See online help for details.
                 f:\program files\microsoft visual studio 10.0\vc\include\stdio.h(253) : see declaration of 'fscanf'
     1>f:\users\samuel\documents\visual studio 2010\projects\cstarlv\cstarlv\cstarlv.cpp(307): warning C4996: 'fscanf': This function or variable may be unsafe. Consider using fscanf_s instead. To disable deprecation, use _CRT_SECURE_NO_WARNINGS. See online help for details.
                 f:\program files\microsoft visual studio 10.0\vc\include\stdio.h(253) : see declaration of 'fscanf'
     1>f:\users\samuel\documents\visual studio 2010\projects\cstarlv\cstarlv\cstarlv.cpp(308): warning C4996: 'fscanf': This function or variable may be unsafe. Consider using fscanf_s instead. To disable deprecation, use _CRT_SECURE_NO_WARNINGS. See online help for details.
                 f:\program files\microsoft visual studio 10.0\vc\include\stdio.h(253) : see declaration of 'fscanf'
     1>f:\users\samuel\documents\visual studio 2010\projects\cstarlv\cstarlv\cstarlv.cpp(349): warning C4244: '=' : conversion from 'int' to 'float', possible loss of data
     1>f:\users\samuel\documents\visual studio 2010\projects\cstarlv\cstarlv\cstarlv.cpp(350): warning C4244: '=' : conversion from 'int' to 'float', possible loss of data
     1>f:\users\samuel\documents\visual studio 2010\projects\cstarlv\cstarlv\cstarlv.cpp(351): warning C4244: '=' : conversion from 'int' to 'float', possible loss of data
     1>f:\users\samuel\documents\visual studio 2010\projects\cstarlv\cstarlv\cstarlv.cpp(352): warning C4244: '=' : conversion from 'int' to 'float', possible loss of data
     1>f:\users\samuel\documents\visual studio 2010\projects\cstarlv\cstarlv\cstarlv.cpp(353): warning C4244: '=' : conversion from 'int' to 'float', possible loss of data
     1>f:\users\samuel\documents\visual studio 2010\projects\cstarlv\cstarlv\cstarlv.cpp(354): warning C4244: '=' : conversion from 'int' to 'float', possible loss of data
     1>f:\users\samuel\documents\visual studio 2010\projects\cstarlv\cstarlv\cstarlv.cpp(355): warning C4244: '=' : conversion from 'int' to 'float', possible loss of data
     1>f:\users\samuel\documents\visual studio 2010\projects\cstarlv\cstarlv\cstarlv.cpp(356): warning C4244: '=' : conversion from 'int' to 'float', possible loss of data
     1>f:\users\samuel\documents\visual studio 2010\projects\cstarlv\cstarlv\cstarlv.cpp(471): warning C4244: '/=' : conversion from 'double' to 'int', possible loss of data
     1>f:\users\samuel\documents\visual studio 2010\projects\cstarlv\cstarlv\cstarlv.cpp(471): warning C4244: '/=' : conversion from 'double' to 'int', possible loss of data
     1>f:\users\samuel\documents\visual studio 2010\projects\cstarlv\cstarlv\cstarlv.cpp(472): warning C4244: '/=' : conversion from 'double' to 'int', possible loss of data
     1>f:\users\samuel\documents\visual studio 2010\projects\cstarlv\cstarlv\cstarlv.cpp(472): warning C4244: '/=' : conversion from 'double' to 'int', possible loss of data
     1>f:\users\samuel\documents\visual studio 2010\projects\cstarlv\cstarlv\cstarlv.cpp(475): warning C4244: 'initializing' : conversion from 'double' to 'int', possible loss of data
     1>f:\users\samuel\documents\visual studio 2010\projects\cstarlv\cstarlv\cstarlv.cpp(476): warning C4244: 'initializing' : conversion from 'double' to 'int', possible loss of data
     1>f:\users\samuel\documents\visual studio 2010\projects\cstarlv\cstarlv\cstarlv.cpp(478): warning C4244: 'initializing' : conversion from 'double' to 'int', possible loss of data
     1>f:\users\samuel\documents\visual studio 2010\projects\cstarlv\cstarlv\cstarlv.cpp(420): warning C4101: 'lengthSqd' : unreferenced local variable
     1>f:\users\samuel\documents\visual studio 2010\projects\cstarlv\cstarlv\cstarlv.cpp(146): warning C4715: 'search' : not all control paths return a value
       ManifestResourceCompile:
         All outputs are up-to-date.
       Link:
         F:\Program Files\Microsoft Visual Studio 10.0\VC\bin\link.exe /ERRORREPORT:PROMPT /OUT:"F:\Users\Samuel\Documents\Visual Studio 2010\Projects\CStarLV\Debug\CStarLV.exe" /INCREMENTAL /NOLOGO "F:\Program Files\OpenCV2.3\build\x86\vc10\lib\opencv_core230d.lib" "F:\Program Files\OpenCV2.3\build\x86\vc10\lib\opencv_highgui230d.lib" "F:\Program Files\OpenCV2.3\build\x86\vc10\lib\opencv_video230d.lib" "F:\Program Files\OpenCV2.3\build\x86\vc10\lib\opencv_ml230d.lib" "F:\Program Files\OpenCV2.3\build\x86\vc10\lib\opencv_legacy230d.lib" "F:\Program Files\OpenCV2.3\build\x86\vc10\lib\opencv_imgproc230d.lib" kernel32.lib user32.lib gdi32.lib winspool.lib comdlg32.lib advapi32.lib shell32.lib ole32.lib oleaut32.lib uuid.lib odbc32.lib odbccp32.lib /MANIFEST /ManifestFile:"Debug\CStarLV.exe.intermediate.manifest" /MANIFESTUAC:"level='asInvoker' uiAccess='false'" /DEBUG /PDB:"F:\Users\Samuel\Documents\Visual Studio 2010\Projects\CStarLV\Debug\CStarLV.pdb" /SUBSYSTEM:CONSOLE /TLBID:1 /DYNAMICBASE /NXCOMPAT /IMPLIB:"F:\Users\Samuel\Documents\Visual Studio 2010\Projects\CStarLV\Debug\CStarLV.lib" /MACHINE:X86 Debug\CStarLV.exe.embed.manifest.res
         Debug\CStarLV.obj
         Debug\stdafx.obj
         Debug\tserial.obj
       Manifest:
         F:\Program Files\Microsoft SDKs\Windows\v7.0A\bin\mt.exe /nologo /verbose /out:"Debug\CStarLV.exe.embed.manifest" /manifest Debug\CStarLV.exe.intermediate.manifest
         All outputs are up-to-date.
       LinkEmbedManifest:
         All outputs are up-to-date.
         CStarLV.vcxproj -> F:\Users\Samuel\Documents\Visual Studio 2010\Projects\CStarLV\Debug\CStarLV.exe
       FinalizeBuildStatus:
         Deleting file "Debug\CStarLV.unsuccessfulbuild".
         Touching "Debug\CStarLV.lastbuildstate".
     1>Done Building Project "F:\Users\Samuel\Documents\Visual Studio 2010\Projects\CStarLV\CStarLV\CStarLV.vcxproj" (build target(s)).

Build succeeded.

Time Elapsed 00:00:03.14
