F:\Users\Samuel\Documents\Visual Studio 2010\Projects\CStar\CStar\Debug\cl.command.1.tlog
F:\Users\Samuel\Documents\Visual Studio 2010\Projects\CStar\CStar\Debug\CL.read.1.tlog
F:\Users\Samuel\Documents\Visual Studio 2010\Projects\CStar\CStar\Debug\CL.write.1.tlog
F:\USERS\SAMUEL\DOCUMENTS\VISUAL STUDIO 2010\PROJECTS\CSTAR\CSTAR\DEBUG\CSTAR.EXE.EMBED.MANIFEST
F:\USERS\SAMUEL\DOCUMENTS\VISUAL STUDIO 2010\PROJECTS\CSTAR\CSTAR\DEBUG\CSTAR.EXE.EMBED.MANIFEST.RES
F:\USERS\SAMUEL\DOCUMENTS\VISUAL STUDIO 2010\PROJECTS\CSTAR\CSTAR\DEBUG\CSTAR.EXE.INTERMEDIATE.MANIFEST
F:\USERS\SAMUEL\DOCUMENTS\VISUAL STUDIO 2010\PROJECTS\CSTAR\CSTAR\DEBUG\CSTAR.OBJ
F:\USERS\SAMUEL\DOCUMENTS\VISUAL STUDIO 2010\PROJECTS\CSTAR\CSTAR\DEBUG\CSTAR.PCH
F:\Users\Samuel\Documents\Visual Studio 2010\Projects\CStar\CStar\Debug\CStar_manifest.rc
F:\Users\Samuel\Documents\Visual Studio 2010\Projects\CStar\CStar\Debug\link.command.1.tlog
F:\Users\Samuel\Documents\Visual Studio 2010\Projects\CStar\CStar\Debug\link.read.1.tlog
F:\Users\Samuel\Documents\Visual Studio 2010\Projects\CStar\CStar\Debug\link.write.1.tlog
F:\Users\Samuel\Documents\Visual Studio 2010\Projects\CStar\CStar\Debug\link-cvtres.read.1.tlog
F:\Users\Samuel\Documents\Visual Studio 2010\Projects\CStar\CStar\Debug\link-cvtres.write.1.tlog
F:\Users\Samuel\Documents\Visual Studio 2010\Projects\CStar\CStar\Debug\mt.command.1.tlog
F:\Users\Samuel\Documents\Visual Studio 2010\Projects\CStar\CStar\Debug\mt.read.1.tlog
F:\Users\Samuel\Documents\Visual Studio 2010\Projects\CStar\CStar\Debug\mt.write.1.tlog
F:\Users\Samuel\Documents\Visual Studio 2010\Projects\CStar\CStar\Debug\rc.command.1.tlog
F:\Users\Samuel\Documents\Visual Studio 2010\Projects\CStar\CStar\Debug\rc.read.1.tlog
F:\Users\Samuel\Documents\Visual Studio 2010\Projects\CStar\CStar\Debug\rc.write.1.tlog
F:\USERS\SAMUEL\DOCUMENTS\VISUAL STUDIO 2010\PROJECTS\CSTAR\CSTAR\DEBUG\STDAFX.OBJ
F:\USERS\SAMUEL\DOCUMENTS\VISUAL STUDIO 2010\PROJECTS\CSTAR\CSTAR\DEBUG\TSERIAL.OBJ
F:\Users\Samuel\Documents\Visual Studio 2010\Projects\CStar\CStar\Debug\vc100.idb
F:\USERS\SAMUEL\DOCUMENTS\VISUAL STUDIO 2010\PROJECTS\CSTAR\CSTAR\DEBUG\VC100.PDB
F:\USERS\SAMUEL\DOCUMENTS\VISUAL STUDIO 2010\PROJECTS\CSTAR\DEBUG\CSTAR.EXE
F:\USERS\SAMUEL\DOCUMENTS\VISUAL STUDIO 2010\PROJECTS\CSTAR\DEBUG\CSTAR.ILK
F:\USERS\SAMUEL\DOCUMENTS\VISUAL STUDIO 2010\PROJECTS\CSTAR\DEBUG\CSTAR.PDB
