Build started 1/14/2012 11:56:31 PM.
     1>Project "F:\Users\Samuel\Documents\Visual Studio 2010\Projects\CStar\CStar\CStar.vcxproj" on node 2 (rebuild target(s)).
     1>_PrepareForClean:
         Deleting file "Debug\CStar.lastbuildstate".
       InitializeBuildStatus:
         Creating "Debug\CStar.unsuccessfulbuild" because "AlwaysCreate" was specified.
       ClCompile:
         F:\Program Files\Microsoft Visual Studio 10.0\VC\bin\CL.exe /c /I"F:\Program Files\OpenCV2.3\build\include" /I"F:\Program Files\OpenCV2.3\build\include\opencv" /ZI /nologo /W3 /WX- /Od /Oy- /D WIN32 /D _DEBUG /D _CONSOLE /D _UNICODE /D UNICODE /Gm /EHsc /RTC1 /MDd /GS /fp:precise /Zc:wchar_t /Zc:forScope /Yc"StdAfx.h" /Fp"Debug\CStar.pch" /Fo"Debug\\" /Fd"Debug\vc100.pdb" /Gd /TP /analyze- /errorReport:prompt stdafx.cpp
         stdafx.cpp
         F:\Program Files\Microsoft Visual Studio 10.0\VC\bin\CL.exe /c /I"F:\Program Files\OpenCV2.3\build\include" /I"F:\Program Files\OpenCV2.3\build\include\opencv" /ZI /nologo /W3 /WX- /Od /Oy- /D WIN32 /D _DEBUG /D _CONSOLE /D _UNICODE /D UNICODE /Gm /EHsc /RTC1 /MDd /GS /fp:precise /Zc:wchar_t /Zc:forScope /Yu"StdAfx.h" /Fp"Debug\CStar.pch" /Fo"Debug\\" /Fd"Debug\vc100.pdb" /Gd /TP /analyze- /errorReport:prompt CStar.cpp tserial.cpp
         tserial.cpp
     1>f:\users\samuel\documents\visual studio 2010\projects\cstar\cstar\tserial.cpp(100): warning C4996: 'sscanf': This function or variable may be unsafe. Consider using sscanf_s instead. To disable deprecation, use _CRT_SECURE_NO_WARNINGS. See online help for details.
                 f:\program files\microsoft visual studio 10.0\vc\include\stdio.h(325) : see declaration of 'sscanf'
     1>f:\users\samuel\documents\visual studio 2010\projects\cstar\cstar\tserial.cpp(103): warning C4996: 'strcat': This function or variable may be unsafe. Consider using strcat_s instead. To disable deprecation, use _CRT_SECURE_NO_WARNINGS. See online help for details.
                 f:\program files\microsoft visual studio 10.0\vc\include\string.h(110) : see declaration of 'strcat'
     1>f:\users\samuel\documents\visual studio 2010\projects\cstar\cstar\tserial.cpp(104): warning C4996: 'strncpy': This function or variable may be unsafe. Consider using strncpy_s instead. To disable deprecation, use _CRT_SECURE_NO_WARNINGS. See online help for details.
                 f:\program files\microsoft visual studio 10.0\vc\include\string.h(188) : see declaration of 'strncpy'
     1>f:\users\samuel\documents\visual studio 2010\projects\cstar\cstar\tserial.cpp(107): warning C4996: 'strncpy': This function or variable may be unsafe. Consider using strncpy_s instead. To disable deprecation, use _CRT_SECURE_NO_WARNINGS. See online help for details.
                 f:\program files\microsoft visual studio 10.0\vc\include\string.h(188) : see declaration of 'strncpy'
         CStar.cpp
     1>f:\program files\opencv2.3\build\include\opencv2\flann\logger.h(70): warning C4996: 'fopen': This function or variable may be unsafe. Consider using fopen_s instead. To disable deprecation, use _CRT_SECURE_NO_WARNINGS. See online help for details.
                 f:\program files\microsoft visual studio 10.0\vc\include\stdio.h(234) : see declaration of 'fopen'
     1>f:\users\samuel\documents\visual studio 2010\projects\cstar\cstar\cstar.cpp(99): warning C4101: 'R' : unreferenced local variable
     1>f:\users\samuel\documents\visual studio 2010\projects\cstar\cstar\cstar.cpp(231): warning C4996: 'fopen': This function or variable may be unsafe. Consider using fopen_s instead. To disable deprecation, use _CRT_SECURE_NO_WARNINGS. See online help for details.
                 f:\program files\microsoft visual studio 10.0\vc\include\stdio.h(234) : see declaration of 'fopen'
     1>f:\users\samuel\documents\visual studio 2010\projects\cstar\cstar\cstar.cpp(235): warning C4996: 'fscanf': This function or variable may be unsafe. Consider using fscanf_s instead. To disable deprecation, use _CRT_SECURE_NO_WARNINGS. See online help for details.
                 f:\program files\microsoft visual studio 10.0\vc\include\stdio.h(253) : see declaration of 'fscanf'
     1>f:\users\samuel\documents\visual studio 2010\projects\cstar\cstar\cstar.cpp(236): warning C4996: 'fscanf': This function or variable may be unsafe. Consider using fscanf_s instead. To disable deprecation, use _CRT_SECURE_NO_WARNINGS. See online help for details.
                 f:\program files\microsoft visual studio 10.0\vc\include\stdio.h(253) : see declaration of 'fscanf'
     1>f:\users\samuel\documents\visual studio 2010\projects\cstar\cstar\cstar.cpp(237): warning C4996: 'fscanf': This function or variable may be unsafe. Consider using fscanf_s instead. To disable deprecation, use _CRT_SECURE_NO_WARNINGS. See online help for details.
                 f:\program files\microsoft visual studio 10.0\vc\include\stdio.h(253) : see declaration of 'fscanf'
     1>f:\users\samuel\documents\visual studio 2010\projects\cstar\cstar\cstar.cpp(238): warning C4996: 'fscanf': This function or variable may be unsafe. Consider using fscanf_s instead. To disable deprecation, use _CRT_SECURE_NO_WARNINGS. See online help for details.
                 f:\program files\microsoft visual studio 10.0\vc\include\stdio.h(253) : see declaration of 'fscanf'
     1>f:\users\samuel\documents\visual studio 2010\projects\cstar\cstar\cstar.cpp(290): warning C4244: 'argument' : conversion from 'double' to 'int', possible loss of data
     1>f:\users\samuel\documents\visual studio 2010\projects\cstar\cstar\cstar.cpp(290): warning C4244: 'argument' : conversion from 'double' to 'int', possible loss of data
     1>f:\users\samuel\documents\visual studio 2010\projects\cstar\cstar\cstar.cpp(291): warning C4244: 'argument' : conversion from 'double' to 'int', possible loss of data
     1>f:\users\samuel\documents\visual studio 2010\projects\cstar\cstar\cstar.cpp(291): warning C4244: 'argument' : conversion from 'double' to 'int', possible loss of data
     1>f:\users\samuel\documents\visual studio 2010\projects\cstar\cstar\cstar.cpp(294): warning C4244: 'argument' : conversion from 'double' to 'int', possible loss of data
     1>f:\users\samuel\documents\visual studio 2010\projects\cstar\cstar\cstar.cpp(294): warning C4244: 'argument' : conversion from 'double' to 'int', possible loss of data
     1>f:\users\samuel\documents\visual studio 2010\projects\cstar\cstar\cstar.cpp(295): warning C4244: 'argument' : conversion from 'double' to 'int', possible loss of data
     1>f:\users\samuel\documents\visual studio 2010\projects\cstar\cstar\cstar.cpp(295): warning C4244: 'argument' : conversion from 'double' to 'int', possible loss of data
     1>f:\users\samuel\documents\visual studio 2010\projects\cstar\cstar\cstar.cpp(299): warning C4244: 'argument' : conversion from 'double' to 'int', possible loss of data
     1>f:\users\samuel\documents\visual studio 2010\projects\cstar\cstar\cstar.cpp(299): warning C4244: 'argument' : conversion from 'double' to 'int', possible loss of data
     1>f:\users\samuel\documents\visual studio 2010\projects\cstar\cstar\cstar.cpp(300): warning C4244: 'argument' : conversion from 'double' to 'int', possible loss of data
     1>f:\users\samuel\documents\visual studio 2010\projects\cstar\cstar\cstar.cpp(300): warning C4244: 'argument' : conversion from 'double' to 'int', possible loss of data
     1>f:\users\samuel\documents\visual studio 2010\projects\cstar\cstar\cstar.cpp(310): warning C4244: 'argument' : conversion from 'double' to 'int', possible loss of data
     1>f:\users\samuel\documents\visual studio 2010\projects\cstar\cstar\cstar.cpp(310): warning C4244: 'argument' : conversion from 'double' to 'int', possible loss of data
     1>f:\users\samuel\documents\visual studio 2010\projects\cstar\cstar\cstar.cpp(311): warning C4244: 'argument' : conversion from 'double' to 'int', possible loss of data
     1>f:\users\samuel\documents\visual studio 2010\projects\cstar\cstar\cstar.cpp(311): warning C4244: 'argument' : conversion from 'double' to 'int', possible loss of data
         Generating Code...
     1>f:\users\samuel\documents\visual studio 2010\projects\cstar\cstar\cstar.cpp(37): warning C4715: 'searchforcoor' : not all control paths return a value
       ManifestResourceCompile:
         F:\Program Files\Microsoft SDKs\Windows\v7.0A\bin\rc.exe /nologo /fo"Debug\CStar.exe.embed.manifest.res" Debug\CStar_manifest.rc 
       Link:
         F:\Program Files\Microsoft Visual Studio 10.0\VC\bin\link.exe /ERRORREPORT:PROMPT /OUT:"F:\Users\Samuel\Documents\Visual Studio 2010\Projects\CStar\Debug\CStar.exe" /INCREMENTAL /NOLOGO "F:\Program Files\OpenCV2.3\build\x86\vc10\lib\opencv_core230d.lib" "F:\Program Files\OpenCV2.3\build\x86\vc10\lib\opencv_highgui230d.lib" "F:\Program Files\OpenCV2.3\build\x86\vc10\lib\opencv_video230d.lib" "F:\Program Files\OpenCV2.3\build\x86\vc10\lib\opencv_ml230d.lib" "F:\Program Files\OpenCV2.3\build\x86\vc10\lib\opencv_legacy230d.lib" "F:\Program Files\OpenCV2.3\build\x86\vc10\lib\opencv_imgproc230d.lib" kernel32.lib user32.lib gdi32.lib winspool.lib comdlg32.lib advapi32.lib shell32.lib ole32.lib oleaut32.lib uuid.lib odbc32.lib odbccp32.lib /MANIFEST /ManifestFile:"Debug\CStar.exe.intermediate.manifest" /MANIFESTUAC:"level='asInvoker' uiAccess='false'" /DEBUG /PDB:"F:\Users\Samuel\Documents\Visual Studio 2010\Projects\CStar\Debug\CStar.pdb" /SUBSYSTEM:CONSOLE /TLBID:1 /DYNAMICBASE /NXCOMPAT /IMPLIB:"F:\Users\Samuel\Documents\Visual Studio 2010\Projects\CStar\Debug\CStar.lib" /MACHINE:X86 Debug\CStar.exe.embed.manifest.res
         Debug\CStar.obj
         Debug\stdafx.obj
         Debug\tserial.obj
       Manifest:
         Deleting file "Debug\CStar.exe.embed.manifest".
         F:\Program Files\Microsoft SDKs\Windows\v7.0A\bin\mt.exe /nologo /verbose /out:"Debug\CStar.exe.embed.manifest" /manifest Debug\CStar.exe.intermediate.manifest
         F:\Program Files\Microsoft SDKs\Windows\v7.0A\bin\rc.exe /nologo /fo"Debug\CStar.exe.embed.manifest.res" Debug\CStar_manifest.rc 
       LinkEmbedManifest:
         F:\Program Files\Microsoft Visual Studio 10.0\VC\bin\link.exe /ERRORREPORT:PROMPT /OUT:"F:\Users\Samuel\Documents\Visual Studio 2010\Projects\CStar\Debug\CStar.exe" /INCREMENTAL /NOLOGO "F:\Program Files\OpenCV2.3\build\x86\vc10\lib\opencv_core230d.lib" "F:\Program Files\OpenCV2.3\build\x86\vc10\lib\opencv_highgui230d.lib" "F:\Program Files\OpenCV2.3\build\x86\vc10\lib\opencv_video230d.lib" "F:\Program Files\OpenCV2.3\build\x86\vc10\lib\opencv_ml230d.lib" "F:\Program Files\OpenCV2.3\build\x86\vc10\lib\opencv_legacy230d.lib" "F:\Program Files\OpenCV2.3\build\x86\vc10\lib\opencv_imgproc230d.lib" kernel32.lib user32.lib gdi32.lib winspool.lib comdlg32.lib advapi32.lib shell32.lib ole32.lib oleaut32.lib uuid.lib odbc32.lib odbccp32.lib /MANIFEST /ManifestFile:"Debug\CStar.exe.intermediate.manifest" /MANIFESTUAC:"level='asInvoker' uiAccess='false'" /DEBUG /PDB:"F:\Users\Samuel\Documents\Visual Studio 2010\Projects\CStar\Debug\CStar.pdb" /SUBSYSTEM:CONSOLE /TLBID:1 /DYNAMICBASE /NXCOMPAT /IMPLIB:"F:\Users\Samuel\Documents\Visual Studio 2010\Projects\CStar\Debug\CStar.lib" /MACHINE:X86 Debug\CStar.exe.embed.manifest.res
         Debug\CStar.obj
         Debug\stdafx.obj
         Debug\tserial.obj
         CStar.vcxproj -> F:\Users\Samuel\Documents\Visual Studio 2010\Projects\CStar\Debug\CStar.exe
       FinalizeBuildStatus:
         Deleting file "Debug\CStar.unsuccessfulbuild".
         Touching "Debug\CStar.lastbuildstate".
     1>Done Building Project "F:\Users\Samuel\Documents\Visual Studio 2010\Projects\CStar\CStar\CStar.vcxproj" (rebuild target(s)).

Build succeeded.

Time Elapsed 00:00:04.64
