Build started 10/27/2011 11:50:37 PM.
     1>Project "F:\Users\Samuel\documents\visual studio 2010\Projects\Green Lane LV\Green Lane LV\Green Lane LV.vcxproj" on node 2 (build target(s)).
     1>InitializeBuildStatus:
         Creating "Release\Green Lane LV.unsuccessfulbuild" because "AlwaysCreate" was specified.
       ClCompile:
         All outputs are up-to-date.
         F:\Program Files\Microsoft Visual Studio 10.0\VC\bin\CL.exe /c /I"C:\Program Files\OpenCV2.3\build\include" /I"C:\Program Files\OpenCV2.3\build\include\opencv" /Zi /nologo /W3 /WX- /O2 /Oi /Oy- /GL /D WIN32 /D NDEBUG /D _CONSOLE /D _UNICODE /D UNICODE /Gm- /EHsc /MD /GS /Gy /fp:precise /Zc:wchar_t /Zc:forScope /Yu"StdAfx.h" /Fp"Release\Green Lane LV.pch" /Fo"Release\\" /Fd"Release\vc100.pdb" /Gd /TP /analyze- /errorReport:prompt "Green Lane LV.cpp"
         Green Lane LV.cpp
     1>C:\Program Files\OpenCV2.3\build\include\opencv2/flann/logger.h(70): warning C4996: 'fopen': This function or variable may be unsafe. Consider using fopen_s instead. To disable deprecation, use _CRT_SECURE_NO_WARNINGS. See online help for details.
                 F:\Program Files\Microsoft Visual Studio 10.0\VC\include\stdio.h(234) : see declaration of 'fopen'
     1>Green Lane LV.cpp(26): warning C4244: 'argument' : conversion from 'float' to 'int', possible loss of data
     1>Green Lane LV.cpp(26): warning C4244: 'argument' : conversion from 'float' to 'int', possible loss of data
     1>Green Lane LV.cpp(31): warning C4244: 'initializing' : conversion from 'int' to 'float', possible loss of data
     1>Green Lane LV.cpp(32): warning C4244: 'initializing' : conversion from 'int' to 'float', possible loss of data
     1>Green Lane LV.cpp(36): warning C4244: 'argument' : conversion from 'float' to 'int', possible loss of data
     1>Green Lane LV.cpp(36): warning C4244: 'argument' : conversion from 'float' to 'int', possible loss of data
     1>Green Lane LV.cpp(37): warning C4244: 'argument' : conversion from 'float' to 'int', possible loss of data
     1>Green Lane LV.cpp(37): warning C4244: 'argument' : conversion from 'float' to 'int', possible loss of data
     1>Green Lane LV.cpp(38): warning C4244: 'argument' : conversion from 'float' to 'int', possible loss of data
     1>Green Lane LV.cpp(38): warning C4244: 'argument' : conversion from 'float' to 'int', possible loss of data
     1>Green Lane LV.cpp(39): warning C4244: 'argument' : conversion from 'float' to 'int', possible loss of data
     1>Green Lane LV.cpp(39): warning C4244: 'argument' : conversion from 'float' to 'int', possible loss of data
     1>Green Lane LV.cpp(175): warning C4244: '=' : conversion from 'int' to 'float', possible loss of data
     1>Green Lane LV.cpp(177): warning C4244: '=' : conversion from 'int' to 'float', possible loss of data
     1>Green Lane LV.cpp(189): warning C4244: '=' : conversion from 'float' to 'uchar', possible loss of data
     1>Green Lane LV.cpp(261): warning C4244: '=' : conversion from 'double' to 'float', possible loss of data
     1>Green Lane LV.cpp(263): warning C4244: '=' : conversion from 'double' to 'float', possible loss of data
     1>Green Lane LV.cpp(265): warning C4244: '+=' : conversion from 'double' to 'float', possible loss of data
     1>Green Lane LV.cpp(267): warning C4244: '+=' : conversion from 'double' to 'float', possible loss of data
       Link:
         F:\Program Files\Microsoft Visual Studio 10.0\VC\bin\link.exe /ERRORREPORT:PROMPT /OUT:"F:\Users\Samuel\documents\visual studio 2010\Projects\Green Lane LV\Release\Green Lane LV.exe" /INCREMENTAL:NO /NOLOGO "C:\Program Files\OpenCV2.3\build\x86\vc10\lib\opencv_core230d.lib" "C:\Program Files\OpenCV2.3\build\x86\vc10\lib\opencv_highgui230d.lib" "C:\Program Files\OpenCV2.3\build\x86\vc10\lib\opencv_video230d.lib" "C:\Program Files\OpenCV2.3\build\x86\vc10\lib\opencv_ml230d.lib" "C:\Program Files\OpenCV2.3\build\x86\vc10\lib\opencv_legacy230d.lib" "C:\Program Files\OpenCV2.3\build\x86\vc10\lib\opencv_imgproc230d.lib" kernel32.lib user32.lib gdi32.lib winspool.lib comdlg32.lib advapi32.lib shell32.lib ole32.lib oleaut32.lib uuid.lib odbc32.lib odbccp32.lib /MANIFEST /ManifestFile:"Release\Green Lane LV.exe.intermediate.manifest" /MANIFESTUAC:"level='asInvoker' uiAccess='false'" /DEBUG /PDB:"F:\Users\Samuel\documents\visual studio 2010\Projects\Green Lane LV\Release\Green Lane LV.pdb" /SUBSYSTEM:CONSOLE /OPT:REF /OPT:ICF /LTCG /TLBID:1 /DYNAMICBASE /NXCOMPAT /IMPLIB:"F:\Users\Samuel\documents\visual studio 2010\Projects\Green Lane LV\Release\Green Lane LV.lib" /MACHINE:X86 "Release\Green Lane LV.obj"
         Release\stdafx.obj
         Release\tserial.obj
         Generating code
         Finished generating code
         Green Lane LV.vcxproj -> F:\Users\Samuel\documents\visual studio 2010\Projects\Green Lane LV\Release\Green Lane LV.exe
       Manifest:
         F:\Program Files\Microsoft SDKs\Windows\v7.0A\bin\mt.exe /nologo /verbose /outputresource:"F:\Users\Samuel\documents\visual studio 2010\Projects\Green Lane LV\Release\Green Lane LV.exe;#1" /manifest "Release\Green Lane LV.exe.intermediate.manifest"
       FinalizeBuildStatus:
         Deleting file "Release\Green Lane LV.unsuccessfulbuild".
         Touching "Release\Green Lane LV.lastbuildstate".
     1>Done Building Project "F:\Users\Samuel\documents\visual studio 2010\Projects\Green Lane LV\Green Lane LV\Green Lane LV.vcxproj" (build target(s)).

Build succeeded.

Time Elapsed 00:00:02.13
