F:\USERS\SAMUEL\DOCUMENTS\VISUAL STUDIO 2010\PROJECTS\GREEN LANE LV\DEBUG\GREEN LANE LV.EXE
F:\USERS\SAMUEL\DOCUMENTS\VISUAL STUDIO 2010\PROJECTS\GREEN LANE LV\DEBUG\GREEN LANE LV.ILK
F:\USERS\SAMUEL\DOCUMENTS\VISUAL STUDIO 2010\PROJECTS\GREEN LANE LV\DEBUG\GREEN LANE LV.PDB
F:\Users\Samuel\documents\visual studio 2010\Projects\Green Lane LV\Green Lane LV\Debug\cl.command.1.tlog
F:\Users\Samuel\documents\visual studio 2010\Projects\Green Lane LV\Green Lane LV\Debug\CL.read.1.tlog
F:\Users\Samuel\documents\visual studio 2010\Projects\Green Lane LV\Green Lane LV\Debug\CL.write.1.tlog
F:\USERS\SAMUEL\DOCUMENTS\VISUAL STUDIO 2010\PROJECTS\GREEN LANE LV\GREEN LANE LV\DEBUG\GREEN LANE LV.EXE.EMBED.MANIFEST
F:\USERS\SAMUEL\DOCUMENTS\VISUAL STUDIO 2010\PROJECTS\GREEN LANE LV\GREEN LANE LV\DEBUG\GREEN LANE LV.EXE.EMBED.MANIFEST.RES
F:\USERS\SAMUEL\DOCUMENTS\VISUAL STUDIO 2010\PROJECTS\GREEN LANE LV\GREEN LANE LV\DEBUG\GREEN LANE LV.EXE.INTERMEDIATE.MANIFEST
F:\USERS\SAMUEL\DOCUMENTS\VISUAL STUDIO 2010\PROJECTS\GREEN LANE LV\GREEN LANE LV\DEBUG\GREEN LANE LV.OBJ
F:\USERS\SAMUEL\DOCUMENTS\VISUAL STUDIO 2010\PROJECTS\GREEN LANE LV\GREEN LANE LV\DEBUG\GREEN LANE LV.PCH
F:\Users\Samuel\documents\visual studio 2010\Projects\Green Lane LV\Green Lane LV\Debug\Green Lane LV_manifest.rc
F:\Users\Samuel\documents\visual studio 2010\Projects\Green Lane LV\Green Lane LV\Debug\link.4800.read.1.tlog
F:\Users\Samuel\documents\visual studio 2010\Projects\Green Lane LV\Green Lane LV\Debug\link.4800.write.1.tlog
F:\Users\Samuel\documents\visual studio 2010\Projects\Green Lane LV\Green Lane LV\Debug\link.4800-cvtres.read.1.tlog
F:\Users\Samuel\documents\visual studio 2010\Projects\Green Lane LV\Green Lane LV\Debug\link.4800-cvtres.write.1.tlog
F:\Users\Samuel\documents\visual studio 2010\Projects\Green Lane LV\Green Lane LV\Debug\link.command.1.tlog
F:\Users\Samuel\documents\visual studio 2010\Projects\Green Lane LV\Green Lane LV\Debug\link.read.1.tlog
F:\Users\Samuel\documents\visual studio 2010\Projects\Green Lane LV\Green Lane LV\Debug\link.write.1.tlog
F:\Users\Samuel\documents\visual studio 2010\Projects\Green Lane LV\Green Lane LV\Debug\link-cvtres.read.1.tlog
F:\Users\Samuel\documents\visual studio 2010\Projects\Green Lane LV\Green Lane LV\Debug\link-cvtres.write.1.tlog
F:\Users\Samuel\documents\visual studio 2010\Projects\Green Lane LV\Green Lane LV\Debug\mt.command.1.tlog
F:\Users\Samuel\documents\visual studio 2010\Projects\Green Lane LV\Green Lane LV\Debug\mt.read.1.tlog
F:\Users\Samuel\documents\visual studio 2010\Projects\Green Lane LV\Green Lane LV\Debug\mt.write.1.tlog
F:\Users\Samuel\documents\visual studio 2010\Projects\Green Lane LV\Green Lane LV\Debug\rc.command.1.tlog
F:\Users\Samuel\documents\visual studio 2010\Projects\Green Lane LV\Green Lane LV\Debug\rc.read.1.tlog
F:\Users\Samuel\documents\visual studio 2010\Projects\Green Lane LV\Green Lane LV\Debug\rc.write.1.tlog
F:\USERS\SAMUEL\DOCUMENTS\VISUAL STUDIO 2010\PROJECTS\GREEN LANE LV\GREEN LANE LV\DEBUG\STDAFX.OBJ
F:\USERS\SAMUEL\DOCUMENTS\VISUAL STUDIO 2010\PROJECTS\GREEN LANE LV\GREEN LANE LV\DEBUG\TSERIAL.OBJ
F:\Users\Samuel\documents\visual studio 2010\Projects\Green Lane LV\Green Lane LV\Debug\vc100.idb
F:\USERS\SAMUEL\DOCUMENTS\VISUAL STUDIO 2010\PROJECTS\GREEN LANE LV\GREEN LANE LV\DEBUG\VC100.PDB
