F:\Users\Samuel\Documents\Visual Studio 2010\Projects\contours\contours\Debug\cl.command.1.tlog
F:\Users\Samuel\Documents\Visual Studio 2010\Projects\contours\contours\Debug\CL.read.1.tlog
F:\Users\Samuel\Documents\Visual Studio 2010\Projects\contours\contours\Debug\CL.write.1.tlog
F:\USERS\SAMUEL\DOCUMENTS\VISUAL STUDIO 2010\PROJECTS\CONTOURS\CONTOURS\DEBUG\CONTOURS.EXE.EMBED.MANIFEST
F:\USERS\SAMUEL\DOCUMENTS\VISUAL STUDIO 2010\PROJECTS\CONTOURS\CONTOURS\DEBUG\CONTOURS.EXE.EMBED.MANIFEST.RES
F:\USERS\SAMUEL\DOCUMENTS\VISUAL STUDIO 2010\PROJECTS\CONTOURS\CONTOURS\DEBUG\CONTOURS.EXE.INTERMEDIATE.MANIFEST
F:\USERS\SAMUEL\DOCUMENTS\VISUAL STUDIO 2010\PROJECTS\CONTOURS\CONTOURS\DEBUG\CONTOURS.OBJ
F:\USERS\SAMUEL\DOCUMENTS\VISUAL STUDIO 2010\PROJECTS\CONTOURS\CONTOURS\DEBUG\CONTOURS.PCH
F:\Users\Samuel\Documents\Visual Studio 2010\Projects\contours\contours\Debug\contours_manifest.rc
F:\Users\Samuel\Documents\Visual Studio 2010\Projects\contours\contours\Debug\link.5172.read.1.tlog
F:\Users\Samuel\Documents\Visual Studio 2010\Projects\contours\contours\Debug\link.5172.write.1.tlog
F:\Users\Samuel\Documents\Visual Studio 2010\Projects\contours\contours\Debug\link.5172-cvtres.read.1.tlog
F:\Users\Samuel\Documents\Visual Studio 2010\Projects\contours\contours\Debug\link.5172-cvtres.write.1.tlog
F:\Users\Samuel\Documents\Visual Studio 2010\Projects\contours\contours\Debug\link.command.1.tlog
F:\Users\Samuel\Documents\Visual Studio 2010\Projects\contours\contours\Debug\link.read.1.tlog
F:\Users\Samuel\Documents\Visual Studio 2010\Projects\contours\contours\Debug\link.write.1.tlog
F:\Users\Samuel\Documents\Visual Studio 2010\Projects\contours\contours\Debug\link-cvtres.read.1.tlog
F:\Users\Samuel\Documents\Visual Studio 2010\Projects\contours\contours\Debug\link-cvtres.write.1.tlog
F:\Users\Samuel\Documents\Visual Studio 2010\Projects\contours\contours\Debug\mt.command.1.tlog
F:\Users\Samuel\Documents\Visual Studio 2010\Projects\contours\contours\Debug\mt.read.1.tlog
F:\Users\Samuel\Documents\Visual Studio 2010\Projects\contours\contours\Debug\mt.write.1.tlog
F:\Users\Samuel\Documents\Visual Studio 2010\Projects\contours\contours\Debug\rc.command.1.tlog
F:\Users\Samuel\Documents\Visual Studio 2010\Projects\contours\contours\Debug\rc.read.1.tlog
F:\Users\Samuel\Documents\Visual Studio 2010\Projects\contours\contours\Debug\rc.write.1.tlog
F:\USERS\SAMUEL\DOCUMENTS\VISUAL STUDIO 2010\PROJECTS\CONTOURS\CONTOURS\DEBUG\STDAFX.OBJ
F:\Users\Samuel\Documents\Visual Studio 2010\Projects\contours\contours\Debug\vc100.idb
F:\USERS\SAMUEL\DOCUMENTS\VISUAL STUDIO 2010\PROJECTS\CONTOURS\CONTOURS\DEBUG\VC100.PDB
F:\USERS\SAMUEL\DOCUMENTS\VISUAL STUDIO 2010\PROJECTS\CONTOURS\DEBUG\CONTOURS.EXE
F:\USERS\SAMUEL\DOCUMENTS\VISUAL STUDIO 2010\PROJECTS\CONTOURS\DEBUG\CONTOURS.ILK
F:\USERS\SAMUEL\DOCUMENTS\VISUAL STUDIO 2010\PROJECTS\CONTOURS\DEBUG\CONTOURS.PDB
