Build started 11/8/2011 10:41:26 PM.
     1>Project "F:\Users\Samuel\documents\visual studio 2010\Projects\Green Lane\Green Lane\Green Lane.vcxproj" on node 2 (build target(s)).
     1>InitializeBuildStatus:
         Creating "Debug\Green Lane.unsuccessfulbuild" because "AlwaysCreate" was specified.
       ClCompile:
         All outputs are up-to-date.
         F:\Program Files\Microsoft Visual Studio 10.0\VC\bin\CL.exe /c /I"F:\Program Files\OpenCV2.3\build\include" /I"F:\Program Files\OpenCV2.3\build\include\opencv" /ZI /nologo /W3 /WX- /Od /Oy- /D WIN32 /D _DEBUG /D _CONSOLE /D _UNICODE /D UNICODE /Gm /EHsc /RTC1 /MDd /GS /fp:precise /Zc:wchar_t /Zc:forScope /Yu"StdAfx.h" /Fp"Debug\Green Lane.pch" /Fo"Debug\\" /Fd"Debug\vc100.pdb" /Gd /TP /analyze- /errorReport:prompt "Green Lane.cpp"
         Green Lane.cpp
     1>f:\program files\opencv2.3\build\include\opencv2\flann\logger.h(70): warning C4996: 'fopen': This function or variable may be unsafe. Consider using fopen_s instead. To disable deprecation, use _CRT_SECURE_NO_WARNINGS. See online help for details.
                 f:\program files\microsoft visual studio 10.0\vc\include\stdio.h(234) : see declaration of 'fopen'
     1>f:\users\samuel\documents\visual studio 2010\projects\green lane\green lane\green lane.cpp(24): warning C4244: 'argument' : conversion from 'float' to 'int', possible loss of data
     1>f:\users\samuel\documents\visual studio 2010\projects\green lane\green lane\green lane.cpp(24): warning C4244: 'argument' : conversion from 'float' to 'int', possible loss of data
     1>f:\users\samuel\documents\visual studio 2010\projects\green lane\green lane\green lane.cpp(29): warning C4244: 'initializing' : conversion from 'int' to 'float', possible loss of data
     1>f:\users\samuel\documents\visual studio 2010\projects\green lane\green lane\green lane.cpp(30): warning C4244: 'initializing' : conversion from 'int' to 'float', possible loss of data
     1>f:\users\samuel\documents\visual studio 2010\projects\green lane\green lane\green lane.cpp(34): warning C4244: 'argument' : conversion from 'float' to 'int', possible loss of data
     1>f:\users\samuel\documents\visual studio 2010\projects\green lane\green lane\green lane.cpp(34): warning C4244: 'argument' : conversion from 'float' to 'int', possible loss of data
     1>f:\users\samuel\documents\visual studio 2010\projects\green lane\green lane\green lane.cpp(35): warning C4244: 'argument' : conversion from 'float' to 'int', possible loss of data
     1>f:\users\samuel\documents\visual studio 2010\projects\green lane\green lane\green lane.cpp(35): warning C4244: 'argument' : conversion from 'float' to 'int', possible loss of data
     1>f:\users\samuel\documents\visual studio 2010\projects\green lane\green lane\green lane.cpp(36): warning C4244: 'argument' : conversion from 'float' to 'int', possible loss of data
     1>f:\users\samuel\documents\visual studio 2010\projects\green lane\green lane\green lane.cpp(36): warning C4244: 'argument' : conversion from 'float' to 'int', possible loss of data
     1>f:\users\samuel\documents\visual studio 2010\projects\green lane\green lane\green lane.cpp(37): warning C4244: 'argument' : conversion from 'float' to 'int', possible loss of data
     1>f:\users\samuel\documents\visual studio 2010\projects\green lane\green lane\green lane.cpp(37): warning C4244: 'argument' : conversion from 'float' to 'int', possible loss of data
     1>f:\users\samuel\documents\visual studio 2010\projects\green lane\green lane\green lane.cpp(110): warning C4244: '=' : conversion from 'float' to 'int', possible loss of data
     1>f:\users\samuel\documents\visual studio 2010\projects\green lane\green lane\green lane.cpp(282): warning C4244: '=' : conversion from 'double' to 'float', possible loss of data
     1>f:\users\samuel\documents\visual studio 2010\projects\green lane\green lane\green lane.cpp(284): warning C4244: '=' : conversion from 'double' to 'float', possible loss of data
     1>f:\users\samuel\documents\visual studio 2010\projects\green lane\green lane\green lane.cpp(286): warning C4244: '+=' : conversion from 'double' to 'float', possible loss of data
     1>f:\users\samuel\documents\visual studio 2010\projects\green lane\green lane\green lane.cpp(288): warning C4244: '+=' : conversion from 'double' to 'float', possible loss of data
       ManifestResourceCompile:
         All outputs are up-to-date.
       Link:
         F:\Program Files\Microsoft Visual Studio 10.0\VC\bin\link.exe /ERRORREPORT:PROMPT /OUT:"F:\Users\Samuel\documents\visual studio 2010\Projects\Green Lane\Debug\Green Lane.exe" /INCREMENTAL /NOLOGO "F:\Program Files\OpenCV2.3\build\x86\vc10\lib\opencv_core230d.lib" "F:\Program Files\OpenCV2.3\build\x86\vc10\lib\opencv_highgui230d.lib" "F:\Program Files\OpenCV2.3\build\x86\vc10\lib\opencv_video230d.lib" "F:\Program Files\OpenCV2.3\build\x86\vc10\lib\opencv_ml230d.lib" "F:\Program Files\OpenCV2.3\build\x86\vc10\lib\opencv_legacy230d.lib" "F:\Program Files\OpenCV2.3\build\x86\vc10\lib\opencv_imgproc230d.lib" kernel32.lib user32.lib gdi32.lib winspool.lib comdlg32.lib advapi32.lib shell32.lib ole32.lib oleaut32.lib uuid.lib odbc32.lib odbccp32.lib /MANIFEST /ManifestFile:"Debug\Green Lane.exe.intermediate.manifest" /MANIFESTUAC:"level='asInvoker' uiAccess='false'" /DEBUG /PDB:"F:\Users\Samuel\documents\visual studio 2010\Projects\Green Lane\Debug\Green Lane.pdb" /SUBSYSTEM:CONSOLE /TLBID:1 /DYNAMICBASE /NXCOMPAT /IMPLIB:"F:\Users\Samuel\documents\visual studio 2010\Projects\Green Lane\Debug\Green Lane.lib" /MACHINE:X86 "Debug\Green Lane.exe.embed.manifest.res"
         "Debug\Green Lane.obj"
         Debug\stdafx.obj
         Debug\tserial.obj
       Manifest:
         F:\Program Files\Microsoft SDKs\Windows\v7.0A\bin\mt.exe /nologo /verbose /out:"Debug\Green Lane.exe.embed.manifest" /manifest "Debug\Green Lane.exe.intermediate.manifest"
         All outputs are up-to-date.
       LinkEmbedManifest:
         All outputs are up-to-date.
         Green Lane.vcxproj -> F:\Users\Samuel\documents\visual studio 2010\Projects\Green Lane\Debug\Green Lane.exe
       FinalizeBuildStatus:
         Deleting file "Debug\Green Lane.unsuccessfulbuild".
         Touching "Debug\Green Lane.lastbuildstate".
     1>Done Building Project "F:\Users\Samuel\documents\visual studio 2010\Projects\Green Lane\Green Lane\Green Lane.vcxproj" (build target(s)).

Build succeeded.

Time Elapsed 00:00:02.62
