F:\USERS\SAMUEL\DOCUMENTS\VISUAL STUDIO 2010\PROJECTS\GREEN LANE\DEBUG\GREEN LANE.EXE
F:\USERS\SAMUEL\DOCUMENTS\VISUAL STUDIO 2010\PROJECTS\GREEN LANE\DEBUG\GREEN LANE.ILK
F:\USERS\SAMUEL\DOCUMENTS\VISUAL STUDIO 2010\PROJECTS\GREEN LANE\DEBUG\GREEN LANE.PDB
F:\Users\Samuel\documents\visual studio 2010\Projects\Green Lane\Green Lane\Debug\cl.command.1.tlog
F:\Users\Samuel\documents\visual studio 2010\Projects\Green Lane\Green Lane\Debug\CL.read.1.tlog
F:\Users\Samuel\documents\visual studio 2010\Projects\Green Lane\Green Lane\Debug\CL.write.1.tlog
F:\USERS\SAMUEL\DOCUMENTS\VISUAL STUDIO 2010\PROJECTS\GREEN LANE\GREEN LANE\DEBUG\GREEN LANE.EXE.EMBED.MANIFEST
F:\USERS\SAMUEL\DOCUMENTS\VISUAL STUDIO 2010\PROJECTS\GREEN LANE\GREEN LANE\DEBUG\GREEN LANE.EXE.EMBED.MANIFEST.RES
F:\USERS\SAMUEL\DOCUMENTS\VISUAL STUDIO 2010\PROJECTS\GREEN LANE\GREEN LANE\DEBUG\GREEN LANE.EXE.INTERMEDIATE.MANIFEST
F:\USERS\SAMUEL\DOCUMENTS\VISUAL STUDIO 2010\PROJECTS\GREEN LANE\GREEN LANE\DEBUG\GREEN LANE.OBJ
F:\USERS\SAMUEL\DOCUMENTS\VISUAL STUDIO 2010\PROJECTS\GREEN LANE\GREEN LANE\DEBUG\GREEN LANE.PCH
F:\Users\Samuel\documents\visual studio 2010\Projects\Green Lane\Green Lane\Debug\Green Lane_manifest.rc
F:\Users\Samuel\documents\visual studio 2010\Projects\Green Lane\Green Lane\Debug\link.command.1.tlog
F:\Users\Samuel\documents\visual studio 2010\Projects\Green Lane\Green Lane\Debug\link.read.1.tlog
F:\Users\Samuel\documents\visual studio 2010\Projects\Green Lane\Green Lane\Debug\link.write.1.tlog
F:\Users\Samuel\documents\visual studio 2010\Projects\Green Lane\Green Lane\Debug\link-cvtres.read.1.tlog
F:\Users\Samuel\documents\visual studio 2010\Projects\Green Lane\Green Lane\Debug\link-cvtres.write.1.tlog
F:\Users\Samuel\documents\visual studio 2010\Projects\Green Lane\Green Lane\Debug\mt.command.1.tlog
F:\Users\Samuel\documents\visual studio 2010\Projects\Green Lane\Green Lane\Debug\mt.read.1.tlog
F:\Users\Samuel\documents\visual studio 2010\Projects\Green Lane\Green Lane\Debug\mt.write.1.tlog
F:\Users\Samuel\documents\visual studio 2010\Projects\Green Lane\Green Lane\Debug\rc.command.1.tlog
F:\Users\Samuel\documents\visual studio 2010\Projects\Green Lane\Green Lane\Debug\rc.read.1.tlog
F:\Users\Samuel\documents\visual studio 2010\Projects\Green Lane\Green Lane\Debug\rc.write.1.tlog
F:\USERS\SAMUEL\DOCUMENTS\VISUAL STUDIO 2010\PROJECTS\GREEN LANE\GREEN LANE\DEBUG\STDAFX.OBJ
F:\USERS\SAMUEL\DOCUMENTS\VISUAL STUDIO 2010\PROJECTS\GREEN LANE\GREEN LANE\DEBUG\TSERIAL.OBJ
F:\Users\Samuel\documents\visual studio 2010\Projects\Green Lane\Green Lane\Debug\vc100.idb
F:\USERS\SAMUEL\DOCUMENTS\VISUAL STUDIO 2010\PROJECTS\GREEN LANE\GREEN LANE\DEBUG\VC100.PDB
